{"@timestamp":"2024-06-14 14:54:31.171","log.level":"INFO","message":"Starting DemoApplication using Java 22.0.1 with PID 9740 (C:\\Users\\NHAN\\Downloads\\Source\\log4j2-demo\\target\\classes started by NHAN in C:\\Users\\NHAN\\Downloads\\Source\\log4j2-demo)","process.thread.name":"main","log.logger":"com.example.demo.DemoApplication"}
{"@timestamp":"2024-06-14 14:54:31.183","log.level":"INFO","message":"No active profile set, falling back to 1 default profile: \"default\"","process.thread.name":"main","log.logger":"com.example.demo.DemoApplication"}
{"@timestamp":"2024-06-14 14:54:32.249","log.level":"INFO","message":"Tomcat initialized with port 8080 (http)","process.thread.name":"main","log.logger":"org.springframework.boot.web.embedded.tomcat.TomcatWebServer"}
{"@timestamp":"2024-06-14 14:54:32.266","log.level":"INFO","message":"Initializing ProtocolHandler [\"http-nio-8080\"]","process.thread.name":"main","log.logger":"org.apache.coyote.http11.Http11NioProtocol"}
{"@timestamp":"2024-06-14 14:54:32.304","log.level":"INFO","message":"Starting service [Tomcat]","process.thread.name":"main","log.logger":"org.apache.catalina.core.StandardService"}
{"@timestamp":"2024-06-14 14:54:32.305","log.level":"INFO","message":"Starting Servlet engine: [Apache Tomcat/10.1.24]","process.thread.name":"main","log.logger":"org.apache.catalina.core.StandardEngine"}
{"@timestamp":"2024-06-14 14:54:32.561","log.level":"INFO","message":"Initializing Spring embedded WebApplicationContext","process.thread.name":"main","log.logger":"org.apache.catalina.core.ContainerBase.[Tomcat].[localhost].[/]"}
{"@timestamp":"2024-06-14 14:54:32.563","log.level":"INFO","message":"Root WebApplicationContext: initialization completed in 1325 ms","process.thread.name":"main","log.logger":"org.springframework.boot.web.servlet.context.ServletWebServerApplicationContext"}
{"@timestamp":"2024-06-14 14:54:32.926","log.level":"INFO","message":"Starting ProtocolHandler [\"http-nio-8080\"]","process.thread.name":"main","log.logger":"org.apache.coyote.http11.Http11NioProtocol"}
{"@timestamp":"2024-06-14 14:54:32.951","log.level":"INFO","message":"Tomcat started on port 8080 (http) with context path ''","process.thread.name":"main","log.logger":"org.springframework.boot.web.embedded.tomcat.TomcatWebServer"}
{"@timestamp":"2024-06-14 14:54:32.961","log.level":"INFO","message":"Started DemoApplication in 2.262 seconds (process running for 3.357)","process.thread.name":"main","log.logger":"com.example.demo.DemoApplication"}
{"@timestamp":"%d{yyyy-MM-dd HH:mm:ss.SSS}{UTC+07}","log.level":"INFO","message":"Starting DemoApplication using Java 22.0.1 with PID 11464 (C:\\Users\\NHAN\\Downloads\\Source\\log4j2-demo\\target\\classes started by NHAN in C:\\Users\\NHAN\\Downloads\\Source\\log4j2-demo)","process.thread.name":"main","log.logger":"com.example.demo.DemoApplication"}
{"@timestamp":"%d{yyyy-MM-dd HH:mm:ss.SSS}{UTC+07}","log.level":"INFO","message":"No active profile set, falling back to 1 default profile: \"default\"","process.thread.name":"main","log.logger":"com.example.demo.DemoApplication"}
{"@timestamp":"%d{yyyy-MM-dd HH:mm:ss.SSS}{UTC+07}","log.level":"INFO","message":"Tomcat initialized with port 8080 (http)","process.thread.name":"main","log.logger":"org.springframework.boot.web.embedded.tomcat.TomcatWebServer"}
{"@timestamp":"%d{yyyy-MM-dd HH:mm:ss.SSS}{UTC+07}","log.level":"INFO","message":"Initializing ProtocolHandler [\"http-nio-8080\"]","process.thread.name":"main","log.logger":"org.apache.coyote.http11.Http11NioProtocol"}
{"@timestamp":"%d{yyyy-MM-dd HH:mm:ss.SSS}{UTC+07}","log.level":"INFO","message":"Starting service [Tomcat]","process.thread.name":"main","log.logger":"org.apache.catalina.core.StandardService"}
{"@timestamp":"%d{yyyy-MM-dd HH:mm:ss.SSS}{UTC+07}","log.level":"INFO","message":"Starting Servlet engine: [Apache Tomcat/10.1.24]","process.thread.name":"main","log.logger":"org.apache.catalina.core.StandardEngine"}
{"@timestamp":"%d{yyyy-MM-dd HH:mm:ss.SSS}{UTC+07}","log.level":"INFO","message":"Initializing Spring embedded WebApplicationContext","process.thread.name":"main","log.logger":"org.apache.catalina.core.ContainerBase.[Tomcat].[localhost].[/]"}
{"@timestamp":"%d{yyyy-MM-dd HH:mm:ss.SSS}{UTC+07}","log.level":"INFO","message":"Root WebApplicationContext: initialization completed in 1015 ms","process.thread.name":"main","log.logger":"org.springframework.boot.web.servlet.context.ServletWebServerApplicationContext"}
{"@timestamp":"%d{yyyy-MM-dd HH:mm:ss.SSS}{UTC+07}","log.level":"INFO","message":"Starting ProtocolHandler [\"http-nio-8080\"]","process.thread.name":"main","log.logger":"org.apache.coyote.http11.Http11NioProtocol"}
{"@timestamp":"%d{yyyy-MM-dd HH:mm:ss.SSS}{UTC+07}","log.level":"INFO","message":"Tomcat started on port 8080 (http) with context path ''","process.thread.name":"main","log.logger":"org.springframework.boot.web.embedded.tomcat.TomcatWebServer"}
{"@timestamp":"%d{yyyy-MM-dd HH:mm:ss.SSS}{UTC+07}","log.level":"INFO","message":"Started DemoApplication in 2.039 seconds (process running for 3.249)","process.thread.name":"main","log.logger":"com.example.demo.DemoApplication"}
