{"@timestamp":"${TZ}","log.level":"INFO","message":"Starting DemoApplication using Java 22.0.1 with PID 11208 (C:\\Users\\NHAN\\Downloads\\Source\\log4j2-demo\\target\\classes started by NHAN in C:\\Users\\NHAN\\Downloads\\Source\\log4j2-demo)","process.thread.name":"main","log.logger":"com.example.demo.DemoApplication"}
{"@timestamp":"${TZ}","log.level":"INFO","message":"No active profile set, falling back to 1 default profile: \"default\"","process.thread.name":"main","log.logger":"com.example.demo.DemoApplication"}
{"@timestamp":"${TZ}","log.level":"INFO","message":"Tomcat initialized with port 8080 (http)","process.thread.name":"main","log.logger":"org.springframework.boot.web.embedded.tomcat.TomcatWebServer"}
{"@timestamp":"${TZ}","log.level":"INFO","message":"Initializing ProtocolHandler [\"http-nio-8080\"]","process.thread.name":"main","log.logger":"org.apache.coyote.http11.Http11NioProtocol"}
{"@timestamp":"${TZ}","log.level":"INFO","message":"Starting service [Tomcat]","process.thread.name":"main","log.logger":"org.apache.catalina.core.StandardService"}
{"@timestamp":"${TZ}","log.level":"INFO","message":"Starting Servlet engine: [Apache Tomcat/10.1.24]","process.thread.name":"main","log.logger":"org.apache.catalina.core.StandardEngine"}
{"@timestamp":"${TZ}","log.level":"INFO","message":"Initializing Spring embedded WebApplicationContext","process.thread.name":"main","log.logger":"org.apache.catalina.core.ContainerBase.[Tomcat].[localhost].[/]"}
{"@timestamp":"${TZ}","log.level":"INFO","message":"Root WebApplicationContext: initialization completed in 1128 ms","process.thread.name":"main","log.logger":"org.springframework.boot.web.servlet.context.ServletWebServerApplicationContext"}
{"@timestamp":"${TZ}","log.level":"INFO","message":"Starting ProtocolHandler [\"http-nio-8080\"]","process.thread.name":"main","log.logger":"org.apache.coyote.http11.Http11NioProtocol"}
{"@timestamp":"${TZ}","log.level":"INFO","message":"Tomcat started on port 8080 (http) with context path ''","process.thread.name":"main","log.logger":"org.springframework.boot.web.embedded.tomcat.TomcatWebServer"}
{"@timestamp":"${TZ}","log.level":"INFO","message":"Started DemoApplication in 2.086 seconds (process running for 3.157)","process.thread.name":"main","log.logger":"com.example.demo.DemoApplication"}
{"@timestamp":"%d{yyyy-MM-dd HH:mm:ss.SSS}{UTC+07}","log.level":"INFO","message":"Starting DemoApplication using Java 22.0.1 with PID 10168 (C:\\Users\\NHAN\\Downloads\\Source\\log4j2-demo\\target\\classes started by NHAN in C:\\Users\\NHAN\\Downloads\\Source\\log4j2-demo)","process.thread.name":"main","log.logger":"com.example.demo.DemoApplication"}
{"@timestamp":"%d{yyyy-MM-dd HH:mm:ss.SSS}{UTC+07}","log.level":"INFO","message":"No active profile set, falling back to 1 default profile: \"default\"","process.thread.name":"main","log.logger":"com.example.demo.DemoApplication"}
{"@timestamp":"%d{yyyy-MM-dd HH:mm:ss.SSS}{UTC+07}","log.level":"INFO","message":"Tomcat initialized with port 8080 (http)","process.thread.name":"main","log.logger":"org.springframework.boot.web.embedded.tomcat.TomcatWebServer"}
{"@timestamp":"%d{yyyy-MM-dd HH:mm:ss.SSS}{UTC+07}","log.level":"INFO","message":"Initializing ProtocolHandler [\"http-nio-8080\"]","process.thread.name":"main","log.logger":"org.apache.coyote.http11.Http11NioProtocol"}
{"@timestamp":"%d{yyyy-MM-dd HH:mm:ss.SSS}{UTC+07}","log.level":"INFO","message":"Starting service [Tomcat]","process.thread.name":"main","log.logger":"org.apache.catalina.core.StandardService"}
{"@timestamp":"%d{yyyy-MM-dd HH:mm:ss.SSS}{UTC+07}","log.level":"INFO","message":"Starting Servlet engine: [Apache Tomcat/10.1.24]","process.thread.name":"main","log.logger":"org.apache.catalina.core.StandardEngine"}
{"@timestamp":"%d{yyyy-MM-dd HH:mm:ss.SSS}{UTC+07}","log.level":"INFO","message":"Initializing Spring embedded WebApplicationContext","process.thread.name":"main","log.logger":"org.apache.catalina.core.ContainerBase.[Tomcat].[localhost].[/]"}
{"@timestamp":"%d{yyyy-MM-dd HH:mm:ss.SSS}{UTC+07}","log.level":"INFO","message":"Root WebApplicationContext: initialization completed in 1182 ms","process.thread.name":"main","log.logger":"org.springframework.boot.web.servlet.context.ServletWebServerApplicationContext"}
{"@timestamp":"%d{yyyy-MM-dd HH:mm:ss.SSS}{UTC+07}","log.level":"INFO","message":"Starting ProtocolHandler [\"http-nio-8080\"]","process.thread.name":"main","log.logger":"org.apache.coyote.http11.Http11NioProtocol"}
{"@timestamp":"%d{yyyy-MM-dd HH:mm:ss.SSS}{UTC+07}","log.level":"INFO","message":"Tomcat started on port 8080 (http) with context path ''","process.thread.name":"main","log.logger":"org.springframework.boot.web.embedded.tomcat.TomcatWebServer"}
{"@timestamp":"%d{yyyy-MM-dd HH:mm:ss.SSS}{UTC+07}","log.level":"INFO","message":"Started DemoApplication in 2.295 seconds (process running for 3.752)","process.thread.name":"main","log.logger":"com.example.demo.DemoApplication"}
